Build started 19/12/2015 14:40:32.
     1>Project "D:\Dokumente\fh\bif\5\Bachelorarbeit\Code\KnapsackProblem\KnapsackProblem\KnapsackProblem.vcxproj" on node 2 (Build target(s)).
     1>ClCompile:
         D:\Programme (x86)\Microsoft Visual Studio 12.0\VC\bin\CL.exe /c /Iinclude /Z7 /nologo /W3 /WX- /sdl /O2 /Oi /Oy- /GL /D _CRT_SECURE_NO_WARNINGS /D _MBCS /D _MBCS /Gm- /EHsc /MD /GS /Gy /fp:precise /Zc:wchar_t /Zc:forScope /Fo"Release\\" /Fd"Release\vc120.pdb" /Gd /TP /analyze- /errorReport:prompt Algorithm.cpp DP.cpp GA.cpp Greedy.cpp Main.cpp
         Algorithm.cpp
         DP.cpp
         GA.cpp
         Greedy.cpp
         Main.cpp
       Link:
         D:\Programme (x86)\Microsoft Visual Studio 12.0\VC\bin\link.exe /ERRORREPORT:PROMPT /OUT:"D:\Dokumente\fh\bif\5\Bachelorarbeit\Code\KnapsackProblem\Release\KnapsackProblem.exe" /INCREMENTAL:NO /NOLOGO kernel32.lib user32.lib gdi32.lib winspool.lib comdlg32.lib advapi32.lib shell32.lib ole32.lib oleaut32.lib uuid.lib odbc32.lib odbccp32.lib /MANIFEST /MANIFESTUAC:"level='asInvoker' uiAccess='false'" /manifest:embed /DEBUG /PDB:"D:\Dokumente\fh\bif\5\Bachelorarbeit\Code\KnapsackProblem\Release\KnapsackProblem.pdb" /OPT:REF /OPT:ICF /LTCG /TLBID:1 /DYNAMICBASE /NXCOMPAT /IMPLIB:"D:\Dokumente\fh\bif\5\Bachelorarbeit\Code\KnapsackProblem\Release\KnapsackProblem.lib" /MACHINE:X86 /SAFESEH Release\Algorithm.obj
         Release\DP.obj
         Release\GA.obj
         Release\Greedy.obj
         Release\Main.obj
         Release\SettingsParser.obj
         Generating code
         Finished generating code
         KnapsackProblem.vcxproj -> D:\Dokumente\fh\bif\5\Bachelorarbeit\Code\KnapsackProblem\Release\KnapsackProblem.exe
     1>Done Building Project "D:\Dokumente\fh\bif\5\Bachelorarbeit\Code\KnapsackProblem\KnapsackProblem\KnapsackProblem.vcxproj" (Build target(s)).

Build succeeded.

Time Elapsed 00:00:10.67
