Build started 19/12/2015 14:40:54.
     1>Project "D:\Dokumente\fh\bif\5\Bachelorarbeit\Code\KnapsackProblem\KnapsackProblem\KnapsackProblem.vcxproj" on node 2 (Build target(s)).
     1>ClCompile:
         D:\Programme (x86)\Microsoft Visual Studio 12.0\VC\bin\CL.exe /c /Iinclude /ZI /nologo /W3 /WX- /sdl /Od /Oy- /D _CRT_SECURE_NO_WARNINGS /D _MBCS /Gm /EHsc /RTC1 /MDd /GS /fp:precise /Zc:wchar_t /Zc:forScope /Fo"Debug\\" /Fd"Debug\vc120.pdb" /Gd /TP /analyze- /errorReport:prompt Algorithm.cpp DP.cpp GA.cpp Greedy.cpp Main.cpp
         Main.cpp
         GA.cpp
         Generating Code...
         Skipping... (no relevant changes detected)
         Greedy.cpp
         DP.cpp
         Algorithm.cpp
       Link:
         D:\Programme (x86)\Microsoft Visual Studio 12.0\VC\bin\link.exe /ERRORREPORT:PROMPT /OUT:"D:\Dokumente\fh\bif\5\Bachelorarbeit\Code\KnapsackProblem\Debug\KnapsackProblem.exe" /INCREMENTAL /NOLOGO kernel32.lib user32.lib gdi32.lib winspool.lib comdlg32.lib advapi32.lib shell32.lib ole32.lib oleaut32.lib uuid.lib odbc32.lib odbccp32.lib /MANIFEST /MANIFESTUAC:"level='asInvoker' uiAccess='false'" /manifest:embed /DEBUG /PDB:"D:\Dokumente\fh\bif\5\Bachelorarbeit\Code\KnapsackProblem\Debug\KnapsackProblem.pdb" /TLBID:1 /DYNAMICBASE /NXCOMPAT /IMPLIB:"D:\Dokumente\fh\bif\5\Bachelorarbeit\Code\KnapsackProblem\Debug\KnapsackProblem.lib" /MACHINE:X86 Debug\Algorithm.obj
         Debug\DP.obj
         Debug\GA.obj
         Debug\Greedy.obj
         Debug\Main.obj
         Debug\SettingsParser.obj
         KnapsackProblem.vcxproj -> D:\Dokumente\fh\bif\5\Bachelorarbeit\Code\KnapsackProblem\Debug\KnapsackProblem.exe
     1>Done Building Project "D:\Dokumente\fh\bif\5\Bachelorarbeit\Code\KnapsackProblem\KnapsackProblem\KnapsackProblem.vcxproj" (Build target(s)).

Build succeeded.

Time Elapsed 00:00:06.41
